[debug] [2023-02-04T16:09:54.902Z] ----------------------------------------------------------------------
[debug] [2023-02-04T16:09:54.904Z] Command:       C:\Program Files\nodejs\node.exe C:\Users\krish\AppData\Roaming\npm\node_modules\firebase-tools\lib\bin\firebase.js init
[debug] [2023-02-04T16:09:54.905Z] CLI Version:   11.22.0
[debug] [2023-02-04T16:09:54.905Z] Platform:      win32
[debug] [2023-02-04T16:09:54.905Z] Node Version:  v18.12.1
[debug] [2023-02-04T16:09:54.906Z] Time:          Sat Feb 04 2023 21:39:54 GMT+0530 (India Standard Time)
[debug] [2023-02-04T16:09:54.906Z] ----------------------------------------------------------------------
[debug] 
[debug] [2023-02-04T16:09:54.914Z] > command requires scopes: ["email","openid","https://www.googleapis.com/auth/cloudplatformprojects.readonly","https://www.googleapis.com/auth/firebase","https://www.googleapis.com/auth/cloud-platform"]
[debug] [2023-02-04T16:09:54.914Z] > authorizing via signed-in user (krishnaawk@gmail.com)
[info] 
     ######## #### ########  ######## ########     ###     ######  ########
     ##        ##  ##     ## ##       ##     ##  ##   ##  ##       ##
     ######    ##  ########  ######   ########  #########  ######  ######
     ##        ##  ##    ##  ##       ##     ## ##     ##       ## ##
     ##       #### ##     ## ######## ########  ##     ##  ######  ########

You're about to initialize a Firebase project in this directory:

  C:\KP\Git\React\stackexpense

Before we get started, keep in mind:

  * You are currently outside your home directory

[info] 
=== Project Setup
[info] 
[info] First, let's associate this project directory with a Firebase project.
[info] You can create multiple project aliases by running firebase use --add, 
[info] but for now we'll just set up a default project.
[info] 
[info] i  If you want to create a project in a Google Cloud organization or folder, please use "firebase projects:create" instead, and return to this command when you've created the project. 
[debug] [2023-02-04T16:12:04.427Z] >>> [apiv2][query] POST https://cloudresourcemanager.googleapis.com/v1/projects [none]
[debug] [2023-02-04T16:12:04.427Z] >>> [apiv2][body] POST https://cloudresourcemanager.googleapis.com/v1/projects {"projectId":"expensetracker","name":"expensetracker"}
[debug] [2023-02-04T16:12:06.072Z] <<< [apiv2][status] POST https://cloudresourcemanager.googleapis.com/v1/projects 409
[debug] [2023-02-04T16:12:06.072Z] <<< [apiv2][body] POST https://cloudresourcemanager.googleapis.com/v1/projects {"error":{"code":409,"message":"Requested entity already exists","status":"ALREADY_EXISTS"}}
[debug] [2023-02-04T16:12:06.075Z] FirebaseError: HTTP Error: 409, Requested entity already exists
    at responseToError (C:\Users\krish\AppData\Roaming\npm\node_modules\firebase-tools\lib\responseToError.js:49:12)
    at RetryOperation._fn (C:\Users\krish\AppData\Roaming\npm\node_modules\firebase-tools\lib\apiv2.js:288:77)
    at process.processTicksAndRejections (node:internal/process/task_queues:95:5)
[error] 
[error] Error: Failed to create project because there is already a project with ID expensetracker. Please try again with a unique project ID.
